[2017-10-11 19:02:17] INFO com.mchange.v2.log.MLog - MLog clients using log4j logging.
[2017-10-11 19:02:17] INFO com.mchange.v2.c3p0.C3P0Registry - Initializing c3p0-0.9.5-pre8 [built 04-April-2014 04:20:15 -0700; debug? true; trace: 10]
[2017-10-11 19:02:19] INFO com.mchange.v2.c3p0.impl.AbstractPoolBackedDataSource - Initializing c3p0 pool... com.mchange.v2.c3p0.ComboPooledDataSource [ acquireIncrement -> 3, acquireRetryAttempts -> 30, acquireRetryDelay -> 1000, autoCommitOnClose -> false, automaticTestTable -> null, breakAfterAcquireFailure -> false, checkoutTimeout -> 0, connectionCustomizerClassName -> null, connectionTesterClassName -> com.mchange.v2.c3p0.impl.DefaultConnectionTester, contextClassLoaderSource -> caller, dataSourceName -> 1hge0yu9r32v9qf1l8gmjb|787c16, debugUnreturnedConnectionStackTraces -> false, description -> null, driverClass -> com.mysql.jdbc.Driver, extensions -> {}, factoryClassLocation -> null, forceIgnoreUnresolvedTransactions -> false, forceUseNamedDriverClass -> false, identityToken -> 1hge0yu9r32v9qf1l8gmjb|787c16, idleConnectionTestPeriod -> 0, initialPoolSize -> 20, jdbcUrl -> jdbc:mysql://127.0.0.1:3308/ptn?useUnicode=true&characterEncoding=utf-8&autoReconnect=true&failOverReadOnly=false, maxAdministrativeTaskTime -> 0, maxConnectionAge -> 0, maxIdleTime -> 0, maxIdleTimeExcessConnections -> 0, maxPoolSize -> 30, maxStatements -> 20, maxStatementsPerConnection -> 0, minPoolSize -> 1, numHelperThreads -> 3, preferredTestQuery -> null, privilegeSpawnedThreads -> false, properties -> {user=******, password=******}, propertyCycle -> 0, statementCacheNumDeferredCloseThreads -> 0, testConnectionOnCheckin -> true, testConnectionOnCheckout -> false, unreturnedConnectionTimeout -> 0, userOverrides -> {}, usesTraditionalReflectiveProxies -> false ]
[2017-10-11 19:03:10] INFO com.nms.rmi.ui.util.ServiceInitUtil - 加载驱动信息
[2017-10-11 19:03:10] INFO com.nms.rmi.ui.util.ServiceInitUtil - 加载网元信息
[2017-10-11 19:03:10] INFO com.nms.rmi.ui.util.ServiceInitUtil - 加载rmi信息
[2017-10-11 19:03:10] INFO com.nms.ui.ptn.alarm.controller.SiteConnectTask - 已经用了的最大连接数Mybatis_DBManager3
[2017-10-11 19:03:10] INFO com.nms.ui.ptn.alarm.controller.SiteConnectTask - 空闲的最大连接数Mybatis_DBManager17
[2017-10-11 19:03:10] INFO com.nms.rmi.ui.util.ServiceInitUtil - 加载线程信息
[2017-10-11 19:03:10] INFO org.springframework.context.support.ClassPathXmlApplicationContext - Refreshing org.springframework.context.support.ClassPathXmlApplicationContext@8d41f2: display name [org.springframework.context.support.ClassPathXmlApplicationContext@8d41f2]; startup date [Wed Oct 11 19:03:10 CST 2017]; root of context hierarchy
[2017-10-11 19:03:10] INFO org.springframework.beans.factory.xml.XmlBeanDefinitionReader - Loading XML bean definitions from class path resource [applicationContext-jms-broker.xml]
[2017-10-11 19:03:11] INFO org.springframework.context.support.ClassPathXmlApplicationContext - Bean factory for application context [org.springframework.context.support.ClassPathXmlApplicationContext@8d41f2]: org.springframework.beans.factory.support.DefaultListableBeanFactory@439d3b
[2017-10-11 19:03:11] INFO org.springframework.beans.factory.support.DefaultListableBeanFactory - Pre-instantiating singletons in org.springframework.beans.factory.support.DefaultListableBeanFactory@439d3b: defining beans [broker]; root of factory hierarchy
[2017-10-11 19:03:12] INFO com.nms.jms.jmsMeanager.Broker - DATAX:   broker start
[2017-10-11 19:03:12] INFO org.springframework.context.support.ClassPathXmlApplicationContext - Refreshing org.springframework.context.support.ClassPathXmlApplicationContext@1ee69d3: display name [org.springframework.context.support.ClassPathXmlApplicationContext@1ee69d3]; startup date [Wed Oct 11 19:03:12 CST 2017]; root of context hierarchy
[2017-10-11 19:03:12] INFO org.springframework.beans.factory.xml.XmlBeanDefinitionReader - Loading XML bean definitions from class path resource [applicationContext-jms-send.xml]
[2017-10-11 19:03:12] INFO org.springframework.context.support.ClassPathXmlApplicationContext - Bean factory for application context [org.springframework.context.support.ClassPathXmlApplicationContext@1ee69d3]: org.springframework.beans.factory.support.DefaultListableBeanFactory@18bf6bf
[2017-10-11 19:03:12] INFO org.springframework.beans.factory.support.DefaultListableBeanFactory - Pre-instantiating singletons in org.springframework.beans.factory.support.DefaultListableBeanFactory@18bf6bf: defining beans [jmsTemplate,jmsTemplateaa,targetConnectionFactory,connectionFactory,serverOtherNotify,JmsSender]; root of factory hierarchy
[2017-10-11 19:03:12] INFO com.nms.jms.common.ApplicationBeanFactory - DATAX:   告警send已启动2017-10-11
[2017-10-11 19:03:12] INFO org.springframework.context.support.ClassPathXmlApplicationContext - Refreshing org.springframework.context.support.ClassPathXmlApplicationContext@1e3bfb6: display name [org.springframework.context.support.ClassPathXmlApplicationContext@1e3bfb6]; startup date [Wed Oct 11 19:03:12 CST 2017]; root of context hierarchy
[2017-10-11 19:03:12] INFO org.springframework.beans.factory.xml.XmlBeanDefinitionReader - Loading XML bean definitions from class path resource [applicationContext-jms-serviceCourse.xml]
[2017-10-11 19:03:12] INFO org.springframework.context.support.ClassPathXmlApplicationContext - Bean factory for application context [org.springframework.context.support.ClassPathXmlApplicationContext@1e3bfb6]: org.springframework.beans.factory.support.DefaultListableBeanFactory@ef1df6
[2017-10-11 19:03:12] INFO org.springframework.beans.factory.support.DefaultListableBeanFactory - Pre-instantiating singletons in org.springframework.beans.factory.support.DefaultListableBeanFactory@ef1df6: defining beans [jmsTemplate,targetConnectionFactory,connectionFactory,serverOtherNotify,alarmCourseMessageListener,responseQueueMessageListenerContainer]; root of factory hierarchy
[2017-10-11 19:03:13] INFO com.nms.jms.common.ApplicationBeanFactory - DATAX:   告警receive已启动2017-10-11
[2017-10-11 19:03:13] INFO com.nms.rmi.thread.StartThread - JMS初始化成功
[2017-10-11 19:03:18] INFO org.springframework.jms.connection.SingleConnectionFactory - Established shared JMS Connection: ActiveMQConnection {id=ID:pc-PC-59563-1507719791998-2:2,clientId=null,started=false}
[2017-10-11 19:03:18] INFO org.springframework.jms.listener.DefaultMessageListenerContainer - Successfully refreshed JMS Connection
[2017-10-11 19:03:20] INFO com.nms.ui.ptn.alarm.controller.SiteConnectTask - 已经用了的最大连接数Mybatis_DBManager2
[2017-10-11 19:03:20] INFO com.nms.ui.ptn.alarm.controller.SiteConnectTask - 空闲的最大连接数Mybatis_DBManager18
[2017-10-11 19:03:30] INFO com.nms.ui.ptn.alarm.controller.SiteConnectTask - 已经用了的最大连接数Mybatis_DBManager2
[2017-10-11 19:03:30] INFO com.nms.ui.ptn.alarm.controller.SiteConnectTask - 空闲的最大连接数Mybatis_DBManager18
[2017-10-11 19:03:40] INFO com.nms.ui.ptn.alarm.controller.SiteConnectTask - 已经用了的最大连接数Mybatis_DBManager2
[2017-10-11 19:03:40] INFO com.nms.ui.ptn.alarm.controller.SiteConnectTask - 空闲的最大连接数Mybatis_DBManager18
[2017-10-11 19:03:50] INFO com.nms.ui.ptn.alarm.controller.SiteConnectTask - 已经用了的最大连接数Mybatis_DBManager2
[2017-10-11 19:03:50] INFO com.nms.ui.ptn.alarm.controller.SiteConnectTask - 空闲的最大连接数Mybatis_DBManager18
[2017-10-11 19:04:00] INFO com.nms.ui.ptn.alarm.controller.SiteConnectTask - 已经用了的最大连接数Mybatis_DBManager2
[2017-10-11 19:04:00] INFO com.nms.ui.ptn.alarm.controller.SiteConnectTask - 空闲的最大连接数Mybatis_DBManager17
[2017-10-11 19:04:10] INFO com.nms.ui.ptn.alarm.controller.SiteConnectTask - 已经用了的最大连接数Mybatis_DBManager2
[2017-10-11 19:04:10] INFO com.nms.ui.ptn.alarm.controller.SiteConnectTask - 空闲的最大连接数Mybatis_DBManager18
[2017-10-11 19:04:20] INFO com.nms.ui.ptn.alarm.controller.SiteConnectTask - 已经用了的最大连接数Mybatis_DBManager2
[2017-10-11 19:04:20] INFO com.nms.ui.ptn.alarm.controller.SiteConnectTask - 空闲的最大连接数Mybatis_DBManager18
[2017-10-11 19:04:30] INFO com.nms.ui.ptn.alarm.controller.SiteConnectTask - 已经用了的最大连接数Mybatis_DBManager2
[2017-10-11 19:04:30] INFO com.nms.ui.ptn.alarm.controller.SiteConnectTask - 空闲的最大连接数Mybatis_DBManager18
[2017-10-11 19:04:40] INFO com.nms.ui.ptn.alarm.controller.SiteConnectTask - 已经用了的最大连接数Mybatis_DBManager2
[2017-10-11 19:04:40] INFO com.nms.ui.ptn.alarm.controller.SiteConnectTask - 空闲的最大连接数Mybatis_DBManager18
[2017-10-11 19:04:50] INFO com.nms.ui.ptn.alarm.controller.SiteConnectTask - 已经用了的最大连接数Mybatis_DBManager2
[2017-10-11 19:04:50] INFO com.nms.ui.ptn.alarm.controller.SiteConnectTask - 空闲的最大连接数Mybatis_DBManager18
[2017-10-11 19:05:00] INFO com.nms.ui.ptn.alarm.controller.SiteConnectTask - 已经用了的最大连接数Mybatis_DBManager2
[2017-10-11 19:05:00] INFO com.nms.ui.ptn.alarm.controller.SiteConnectTask - 空闲的最大连接数Mybatis_DBManager18
[2017-10-11 19:05:10] INFO com.nms.ui.ptn.alarm.controller.SiteConnectTask - 已经用了的最大连接数Mybatis_DBManager2
[2017-10-11 19:05:10] INFO com.nms.ui.ptn.alarm.controller.SiteConnectTask - 空闲的最大连接数Mybatis_DBManager18
[2017-10-11 19:05:20] INFO com.nms.ui.ptn.alarm.controller.SiteConnectTask - 已经用了的最大连接数Mybatis_DBManager2
[2017-10-11 19:05:20] INFO com.nms.ui.ptn.alarm.controller.SiteConnectTask - 空闲的最大连接数Mybatis_DBManager18
[2017-10-11 19:05:30] INFO com.nms.ui.ptn.alarm.controller.SiteConnectTask - 已经用了的最大连接数Mybatis_DBManager2
[2017-10-11 19:05:30] INFO com.nms.ui.ptn.alarm.controller.SiteConnectTask - 空闲的最大连接数Mybatis_DBManager18
[2017-10-11 19:05:40] INFO com.nms.ui.ptn.alarm.controller.SiteConnectTask - 已经用了的最大连接数Mybatis_DBManager2
[2017-10-11 19:05:40] INFO com.nms.ui.ptn.alarm.controller.SiteConnectTask - 空闲的最大连接数Mybatis_DBManager18
[2017-10-11 19:05:50] INFO com.nms.ui.ptn.alarm.controller.SiteConnectTask - 已经用了的最大连接数Mybatis_DBManager2
[2017-10-11 19:05:50] INFO com.nms.ui.ptn.alarm.controller.SiteConnectTask - 空闲的最大连接数Mybatis_DBManager18
[2017-10-11 19:06:00] INFO com.nms.ui.ptn.alarm.controller.SiteConnectTask - 已经用了的最大连接数Mybatis_DBManager2
[2017-10-11 19:06:00] INFO com.nms.ui.ptn.alarm.controller.SiteConnectTask - 空闲的最大连接数Mybatis_DBManager18
[2017-10-11 19:06:10] INFO com.nms.ui.ptn.alarm.controller.SiteConnectTask - 已经用了的最大连接数Mybatis_DBManager2
[2017-10-11 19:06:10] INFO com.nms.ui.ptn.alarm.controller.SiteConnectTask - 空闲的最大连接数Mybatis_DBManager18
[2017-10-11 19:06:20] INFO com.nms.ui.ptn.alarm.controller.SiteConnectTask - 已经用了的最大连接数Mybatis_DBManager2
[2017-10-11 19:06:20] INFO com.nms.ui.ptn.alarm.controller.SiteConnectTask - 空闲的最大连接数Mybatis_DBManager18
[2017-10-11 19:06:30] INFO com.nms.ui.ptn.alarm.controller.SiteConnectTask - 已经用了的最大连接数Mybatis_DBManager2
[2017-10-11 19:06:30] INFO com.nms.ui.ptn.alarm.controller.SiteConnectTask - 空闲的最大连接数Mybatis_DBManager18
[2017-10-11 19:06:40] INFO com.nms.ui.ptn.alarm.controller.SiteConnectTask - 已经用了的最大连接数Mybatis_DBManager2
[2017-10-11 19:06:40] INFO com.nms.ui.ptn.alarm.controller.SiteConnectTask - 空闲的最大连接数Mybatis_DBManager18
[2017-10-11 19:06:50] INFO com.nms.ui.ptn.alarm.controller.SiteConnectTask - 已经用了的最大连接数Mybatis_DBManager2
[2017-10-11 19:06:50] INFO com.nms.ui.ptn.alarm.controller.SiteConnectTask - 空闲的最大连接数Mybatis_DBManager18
[2017-10-11 19:07:00] INFO com.nms.ui.ptn.alarm.controller.SiteConnectTask - 已经用了的最大连接数Mybatis_DBManager2
[2017-10-11 19:07:00] INFO com.nms.ui.ptn.alarm.controller.SiteConnectTask - 空闲的最大连接数Mybatis_DBManager18
[2017-10-11 19:07:10] INFO com.nms.ui.ptn.alarm.controller.SiteConnectTask - 已经用了的最大连接数Mybatis_DBManager2
[2017-10-11 19:07:10] INFO com.nms.ui.ptn.alarm.controller.SiteConnectTask - 空闲的最大连接数Mybatis_DBManager18
[2017-10-11 19:07:20] INFO com.nms.ui.ptn.alarm.controller.SiteConnectTask - 已经用了的最大连接数Mybatis_DBManager2
[2017-10-11 19:07:20] INFO com.nms.ui.ptn.alarm.controller.SiteConnectTask - 空闲的最大连接数Mybatis_DBManager18
[2017-10-11 19:07:30] INFO com.nms.ui.ptn.alarm.controller.SiteConnectTask - 已经用了的最大连接数Mybatis_DBManager2
[2017-10-11 19:07:30] INFO com.nms.ui.ptn.alarm.controller.SiteConnectTask - 空闲的最大连接数Mybatis_DBManager18
[2017-10-11 19:07:40] INFO com.nms.ui.ptn.alarm.controller.SiteConnectTask - 已经用了的最大连接数Mybatis_DBManager2
[2017-10-11 19:07:40] INFO com.nms.ui.ptn.alarm.controller.SiteConnectTask - 空闲的最大连接数Mybatis_DBManager18
[2017-10-11 19:07:50] INFO com.nms.ui.ptn.alarm.controller.SiteConnectTask - 已经用了的最大连接数Mybatis_DBManager2
[2017-10-11 19:07:50] INFO com.nms.ui.ptn.alarm.controller.SiteConnectTask - 空闲的最大连接数Mybatis_DBManager18
[2017-10-11 19:08:00] INFO com.nms.ui.ptn.alarm.controller.SiteConnectTask - 已经用了的最大连接数Mybatis_DBManager2
[2017-10-11 19:08:00] INFO com.nms.ui.ptn.alarm.controller.SiteConnectTask - 空闲的最大连接数Mybatis_DBManager18
[2017-10-11 19:08:10] INFO com.nms.ui.ptn.alarm.controller.SiteConnectTask - 已经用了的最大连接数Mybatis_DBManager2
[2017-10-11 19:08:10] INFO com.nms.ui.ptn.alarm.controller.SiteConnectTask - 空闲的最大连接数Mybatis_DBManager18
[2017-10-11 20:02:22] ERROR com.nms.snmp.ninteface.impl.config.NELXml - java.lang.NullPointerException
	at com.nms.util.Mybatis_DBManager.getSqlSession(Mybatis_DBManager.java:84)
	at com.nms.model.util.ServiceFactory.newService_MB(ServiceFactory.java:240)
	at com.nms.snmp.ninteface.impl.config.NELXml.getAllSites(NELXml.java:68)
	at com.nms.snmp.ninteface.impl.config.NELXml.getNELXml(NELXml.java:50)
	at com.nms.snmp.ninteface.impl.config.NELXml.main(NELXml.java:39)

[2017-10-11 20:02:22] ERROR com.nms.snmp.ninteface.impl.config.NELXml - java.lang.NullPointerException
	at com.nms.snmp.ninteface.impl.config.NELXml.createFileContent(NELXml.java:147)
	at com.nms.snmp.ninteface.impl.config.NELXml.createXML(NELXml.java:123)
	at com.nms.snmp.ninteface.impl.config.NELXml.getNELXml(NELXml.java:53)
	at com.nms.snmp.ninteface.impl.config.NELXml.main(NELXml.java:39)

[2017-10-11 20:04:25] INFO com.mchange.v2.log.MLog - MLog clients using log4j logging.
[2017-10-11 20:04:25] INFO com.mchange.v2.c3p0.C3P0Registry - Initializing c3p0-0.9.5-pre8 [built 04-April-2014 04:20:15 -0700; debug? true; trace: 10]
[2017-10-11 20:04:27] INFO com.mchange.v2.c3p0.impl.AbstractPoolBackedDataSource - Initializing c3p0 pool... com.mchange.v2.c3p0.ComboPooledDataSource [ acquireIncrement -> 3, acquireRetryAttempts -> 30, acquireRetryDelay -> 1000, autoCommitOnClose -> false, automaticTestTable -> null, breakAfterAcquireFailure -> false, checkoutTimeout -> 0, connectionCustomizerClassName -> null, connectionTesterClassName -> com.mchange.v2.c3p0.impl.DefaultConnectionTester, contextClassLoaderSource -> caller, dataSourceName -> 1hge0yu9r35363i1paikmt|1c56c60, debugUnreturnedConnectionStackTraces -> false, description -> null, driverClass -> com.mysql.jdbc.Driver, extensions -> {}, factoryClassLocation -> null, forceIgnoreUnresolvedTransactions -> false, forceUseNamedDriverClass -> false, identityToken -> 1hge0yu9r35363i1paikmt|1c56c60, idleConnectionTestPeriod -> 0, initialPoolSize -> 20, jdbcUrl -> jdbc:mysql://127.0.0.1:3308/ptn?useUnicode=true&characterEncoding=utf-8&autoReconnect=true&failOverReadOnly=false, maxAdministrativeTaskTime -> 0, maxConnectionAge -> 0, maxIdleTime -> 0, maxIdleTimeExcessConnections -> 0, maxPoolSize -> 30, maxStatements -> 20, maxStatementsPerConnection -> 0, minPoolSize -> 1, numHelperThreads -> 3, preferredTestQuery -> null, privilegeSpawnedThreads -> false, properties -> {user=******, password=******}, propertyCycle -> 0, statementCacheNumDeferredCloseThreads -> 0, testConnectionOnCheckin -> true, testConnectionOnCheckout -> false, unreturnedConnectionTimeout -> 0, userOverrides -> {}, usesTraditionalReflectiveProxies -> false ]
[2017-10-11 20:18:11] INFO com.mchange.v2.log.MLog - MLog clients using log4j logging.
[2017-10-11 20:18:11] INFO com.mchange.v2.c3p0.C3P0Registry - Initializing c3p0-0.9.5-pre8 [built 04-April-2014 04:20:15 -0700; debug? true; trace: 10]
[2017-10-11 20:18:13] INFO com.mchange.v2.c3p0.impl.AbstractPoolBackedDataSource - Initializing c3p0 pool... com.mchange.v2.c3p0.ComboPooledDataSource [ acquireIncrement -> 3, acquireRetryAttempts -> 30, acquireRetryDelay -> 1000, autoCommitOnClose -> false, automaticTestTable -> null, breakAfterAcquireFailure -> false, checkoutTimeout -> 0, connectionCustomizerClassName -> null, connectionTesterClassName -> com.mchange.v2.c3p0.impl.DefaultConnectionTester, contextClassLoaderSource -> caller, dataSourceName -> 1hge0yu9r35kvvx1v6pbk5|4e280c, debugUnreturnedConnectionStackTraces -> false, description -> null, driverClass -> com.mysql.jdbc.Driver, extensions -> {}, factoryClassLocation -> null, forceIgnoreUnresolvedTransactions -> false, forceUseNamedDriverClass -> false, identityToken -> 1hge0yu9r35kvvx1v6pbk5|4e280c, idleConnectionTestPeriod -> 0, initialPoolSize -> 20, jdbcUrl -> jdbc:mysql://127.0.0.1:3308/ptn?useUnicode=true&characterEncoding=utf-8&autoReconnect=true&failOverReadOnly=false, maxAdministrativeTaskTime -> 0, maxConnectionAge -> 0, maxIdleTime -> 0, maxIdleTimeExcessConnections -> 0, maxPoolSize -> 30, maxStatements -> 20, maxStatementsPerConnection -> 0, minPoolSize -> 1, numHelperThreads -> 3, preferredTestQuery -> null, privilegeSpawnedThreads -> false, properties -> {user=******, password=******}, propertyCycle -> 0, statementCacheNumDeferredCloseThreads -> 0, testConnectionOnCheckin -> true, testConnectionOnCheckout -> false, unreturnedConnectionTimeout -> 0, userOverrides -> {}, usesTraditionalReflectiveProxies -> false ]
[2017-10-11 20:19:38] INFO com.mchange.v2.log.MLog - MLog clients using log4j logging.
[2017-10-11 20:19:38] INFO com.mchange.v2.c3p0.C3P0Registry - Initializing c3p0-0.9.5-pre8 [built 04-April-2014 04:20:15 -0700; debug? true; trace: 10]
[2017-10-11 20:19:39] INFO com.mchange.v2.c3p0.impl.AbstractPoolBackedDataSource - Initializing c3p0 pool... com.mchange.v2.c3p0.ComboPooledDataSource [ acquireIncrement -> 3, acquireRetryAttempts -> 30, acquireRetryDelay -> 1000, autoCommitOnClose -> false, automaticTestTable -> null, breakAfterAcquireFailure -> false, checkoutTimeout -> 0, connectionCustomizerClassName -> null, connectionTesterClassName -> com.mchange.v2.c3p0.impl.DefaultConnectionTester, contextClassLoaderSource -> caller, dataSourceName -> 1hge0yu9r35mqjgzpy8oz|1275d39, debugUnreturnedConnectionStackTraces -> false, description -> null, driverClass -> com.mysql.jdbc.Driver, extensions -> {}, factoryClassLocation -> null, forceIgnoreUnresolvedTransactions -> false, forceUseNamedDriverClass -> false, identityToken -> 1hge0yu9r35mqjgzpy8oz|1275d39, idleConnectionTestPeriod -> 0, initialPoolSize -> 20, jdbcUrl -> jdbc:mysql://127.0.0.1:3308/ptn?useUnicode=true&characterEncoding=utf-8&autoReconnect=true&failOverReadOnly=false, maxAdministrativeTaskTime -> 0, maxConnectionAge -> 0, maxIdleTime -> 0, maxIdleTimeExcessConnections -> 0, maxPoolSize -> 30, maxStatements -> 20, maxStatementsPerConnection -> 0, minPoolSize -> 1, numHelperThreads -> 3, preferredTestQuery -> null, privilegeSpawnedThreads -> false, properties -> {user=******, password=******}, propertyCycle -> 0, statementCacheNumDeferredCloseThreads -> 0, testConnectionOnCheckin -> true, testConnectionOnCheckout -> false, unreturnedConnectionTimeout -> 0, userOverrides -> {}, usesTraditionalReflectiveProxies -> false ]
[2017-10-11 20:22:41] INFO com.mchange.v2.log.MLog - MLog clients using log4j logging.
[2017-10-11 20:22:41] INFO com.mchange.v2.c3p0.C3P0Registry - Initializing c3p0-0.9.5-pre8 [built 04-April-2014 04:20:15 -0700; debug? true; trace: 10]
[2017-10-11 20:22:42] INFO com.mchange.v2.c3p0.impl.AbstractPoolBackedDataSource - Initializing c3p0 pool... com.mchange.v2.c3p0.ComboPooledDataSource [ acquireIncrement -> 3, acquireRetryAttempts -> 30, acquireRetryDelay -> 1000, autoCommitOnClose -> false, automaticTestTable -> null, breakAfterAcquireFailure -> false, checkoutTimeout -> 0, connectionCustomizerClassName -> null, connectionTesterClassName -> com.mchange.v2.c3p0.impl.DefaultConnectionTester, contextClassLoaderSource -> caller, dataSourceName -> 1hge0yu9r35qno4njqbvs|1c56c60, debugUnreturnedConnectionStackTraces -> false, description -> null, driverClass -> com.mysql.jdbc.Driver, extensions -> {}, factoryClassLocation -> null, forceIgnoreUnresolvedTransactions -> false, forceUseNamedDriverClass -> false, identityToken -> 1hge0yu9r35qno4njqbvs|1c56c60, idleConnectionTestPeriod -> 0, initialPoolSize -> 20, jdbcUrl -> jdbc:mysql://127.0.0.1:3308/ptn?useUnicode=true&characterEncoding=utf-8&autoReconnect=true&failOverReadOnly=false, maxAdministrativeTaskTime -> 0, maxConnectionAge -> 0, maxIdleTime -> 0, maxIdleTimeExcessConnections -> 0, maxPoolSize -> 30, maxStatements -> 20, maxStatementsPerConnection -> 0, minPoolSize -> 1, numHelperThreads -> 3, preferredTestQuery -> null, privilegeSpawnedThreads -> false, properties -> {user=******, password=******}, propertyCycle -> 0, statementCacheNumDeferredCloseThreads -> 0, testConnectionOnCheckin -> true, testConnectionOnCheckout -> false, unreturnedConnectionTimeout -> 0, userOverrides -> {}, usesTraditionalReflectiveProxies -> false ]
[2017-10-11 21:12:33] INFO com.mchange.v2.log.MLog - MLog clients using log4j logging.
[2017-10-11 21:12:33] INFO com.mchange.v2.c3p0.C3P0Registry - Initializing c3p0-0.9.5-pre8 [built 04-April-2014 04:20:15 -0700; debug? true; trace: 10]
[2017-10-11 21:12:35] INFO com.mchange.v2.c3p0.impl.AbstractPoolBackedDataSource - Initializing c3p0 pool... com.mchange.v2.c3p0.ComboPooledDataSource [ acquireIncrement -> 3, acquireRetryAttempts -> 30, acquireRetryDelay -> 1000, autoCommitOnClose -> false, automaticTestTable -> null, breakAfterAcquireFailure -> false, checkoutTimeout -> 0, connectionCustomizerClassName -> null, connectionTesterClassName -> com.mchange.v2.c3p0.impl.DefaultConnectionTester, contextClassLoaderSource -> caller, dataSourceName -> 1hge0yu9r37isd113f2gt0|1c56c60, debugUnreturnedConnectionStackTraces -> false, description -> null, driverClass -> com.mysql.jdbc.Driver, extensions -> {}, factoryClassLocation -> null, forceIgnoreUnresolvedTransactions -> false, forceUseNamedDriverClass -> false, identityToken -> 1hge0yu9r37isd113f2gt0|1c56c60, idleConnectionTestPeriod -> 0, initialPoolSize -> 20, jdbcUrl -> jdbc:mysql://127.0.0.1:3308/ptn?useUnicode=true&characterEncoding=utf-8&autoReconnect=true&failOverReadOnly=false, maxAdministrativeTaskTime -> 0, maxConnectionAge -> 0, maxIdleTime -> 0, maxIdleTimeExcessConnections -> 0, maxPoolSize -> 30, maxStatements -> 20, maxStatementsPerConnection -> 0, minPoolSize -> 1, numHelperThreads -> 3, preferredTestQuery -> null, privilegeSpawnedThreads -> false, properties -> {user=******, password=******}, propertyCycle -> 0, statementCacheNumDeferredCloseThreads -> 0, testConnectionOnCheckin -> true, testConnectionOnCheckout -> false, unreturnedConnectionTimeout -> 0, userOverrides -> {}, usesTraditionalReflectiveProxies -> false ]
[2017-10-11 21:17:47] INFO com.mchange.v2.log.MLog - MLog clients using log4j logging.
[2017-10-11 21:17:47] INFO com.mchange.v2.c3p0.C3P0Registry - Initializing c3p0-0.9.5-pre8 [built 04-April-2014 04:20:15 -0700; debug? true; trace: 10]
[2017-10-11 21:17:49] INFO com.mchange.v2.c3p0.impl.AbstractPoolBackedDataSource - Initializing c3p0 pool... com.mchange.v2.c3p0.ComboPooledDataSource [ acquireIncrement -> 3, acquireRetryAttempts -> 30, acquireRetryDelay -> 1000, autoCommitOnClose -> false, automaticTestTable -> null, breakAfterAcquireFailure -> false, checkoutTimeout -> 0, connectionCustomizerClassName -> null, connectionTesterClassName -> com.mchange.v2.c3p0.impl.DefaultConnectionTester, contextClassLoaderSource -> caller, dataSourceName -> 1hge0yu9r37piw51bjciv|4e280c, debugUnreturnedConnectionStackTraces -> false, description -> null, driverClass -> com.mysql.jdbc.Driver, extensions -> {}, factoryClassLocation -> null, forceIgnoreUnresolvedTransactions -> false, forceUseNamedDriverClass -> false, identityToken -> 1hge0yu9r37piw51bjciv|4e280c, idleConnectionTestPeriod -> 0, initialPoolSize -> 20, jdbcUrl -> jdbc:mysql://127.0.0.1:3308/ptn?useUnicode=true&characterEncoding=utf-8&autoReconnect=true&failOverReadOnly=false, maxAdministrativeTaskTime -> 0, maxConnectionAge -> 0, maxIdleTime -> 0, maxIdleTimeExcessConnections -> 0, maxPoolSize -> 30, maxStatements -> 20, maxStatementsPerConnection -> 0, minPoolSize -> 1, numHelperThreads -> 3, preferredTestQuery -> null, privilegeSpawnedThreads -> false, properties -> {user=******, password=******}, propertyCycle -> 0, statementCacheNumDeferredCloseThreads -> 0, testConnectionOnCheckin -> true, testConnectionOnCheckout -> false, unreturnedConnectionTimeout -> 0, userOverrides -> {}, usesTraditionalReflectiveProxies -> false ]
